alsamixergui-0.9.0-0.39.rc2.fc39.x86_64
bash-5.2.26-1.fc39.x86_64
cairo-1.18.0-1.fc39.x86_64
cairo-gobject-1.18.0-1.fc39.x86_64
dbus-libs-1:1.14.10-1.fc39.x86_64
dmenu
gdk-pixbuf2-2.42.10-5.fc39.x86_64
glib2-2.78.3-1.fc39.x86_64
glibc-2.38-16.fc39.i686
glibc-2.38-16.fc39.x86_64
libX11-1.8.7-1.fc39.x86_64
libxcb-1.13.1-12.fc39.x86_64
libxdg-basedir-1.2.0-31.fc39.x86_64
libxkbcommon-1.6.0-1.fc39.x86_64
libxkbcommon-x11-1.6.0-1.fc39.x86_64
lua-lgi-0.9.2-17.fc39.x86_64
lua-libs-5.4.6-3.fc39.x86_64
mpc-0.34-5.fc39.x86_64
mpd-1:0.23.14-1.fc39.x86_64
pango-1.51.0-1.fc39.x86_64
rlwrap-0.46.1-2.fc39.x86_64
slock-1.5-3.fc39.x86_64
startup-notification-0.12-26.fc39.i686
startup-notification-0.12-26.fc39.x86_64
unclutter-xfixes-1.6-4.fc39.x86_64
xbacklight-1.2.3-8.fc39.x86_64
xcb-util-0.4.1-3.fc39.x86_64
xcb-util-cursor-0.1.4-3.fc39.x86_64
xcb-util-keysyms-0.4.1-3.fc39.x86_64
xcb-util-wm-0.4.2-3.fc39.x86_64
xcb-util-xrm-1.3-12.fc39.x86_64
xsel-1.2.0-33.fc39.x86_64
xterm-385-1.fc39.x86_64
