alsa-lib-1.2.11-2.fc39.[01;31m[Kx86_64[m[K
alsa-lib-devel
atk-2.50.1-1.fc39.[01;31m[Kx86_64[m[K
atkmm-2.28.3-3.fc39.[01;31m[Kx86_64[m[K
autoconf
automake
bash-5.2.26-1.fc39.[01;31m[Kx86_64[m[K
bison
cairo
cairo-1.18.0-1.fc39.[01;31m[Kx86_64[m[K
cairo-devel
cairomm-1.14.5-1.fc39.[01;31m[Kx86_64[m[K
check
check-devel
clang
cmake
dbus-libs-1:1.14.10-1.fc39.[01;31m[Kx86_64[m[K
@development-tools
flex
fontconfig-2.14.2-5.fc39.[01;31m[Kx86_64[m[K
freetype-2.13.1-2.fc39.[01;31m[Kx86_64[m[K
gcc
gcc-c++
gdk-pixbuf2-2.42.10-5.fc39.[01;31m[Kx86_64[m[K
git
glib2
glib2-2.78.3-1.fc39.[01;31m[Kx86_64[m[K
glib2-devel
glibc-2.38-16.fc39.[01;31m[Kx86_64[m[K
glibmm2.4-2.66.6-2.fc39.[01;31m[Kx86_64[m[K
gtk2-2.24.33-15.fc39.[01;31m[Kx86_64[m[K
gtkmm2.4-2.24.5-17.fc39.[01;31m[Kx86_64[m[K
harfbuzz-8.2.1-2.fc39.[01;31m[Kx86_64[m[K
i3-devel
jsoncpp-1.9.5-5.fc39.[01;31m[Kx86_64[m[K
jsoncpp-devel
kitty-kitten-0.30.1-2.fc39.[01;31m[Kx86_64[m[K
kitty-kitten-0.31.0-1.fc39.[01;31m[Kx86_64[m[K
lcms2-2.15-2.fc39.[01;31m[Kx86_64[m[K
libasan
libconfig-1.7.3-6.fc39.[01;31m[Kx86_64[m[K
libcurl-8.2.1-4.fc39.[01;31m[Kx86_64[m[K
libcurl-devel
libcurl-minimal-8.2.1-4.fc39.[01;31m[Kx86_64[m[K
libev-4.33-8.fc39.[01;31m[Kx86_64[m[K
libgcc-13.2.1-6.fc39.[01;31m[Kx86_64[m[K
libgit2_1.6-1.6.4-1.fc39.[01;31m[Kx86_64[m[K
libgit2-1.7.1-2.fc39.[01;31m[Kx86_64[m[K
libglvnd-egl-1:1.7.0-1.fc39.[01;31m[Kx86_64[m[K
libglvnd-glx-1:1.7.0-1.fc39.[01;31m[Kx86_64[m[K
libluv-1.47.0.0-2.fc39.[01;31m[Kx86_64[m[K
libmpdclient-2.22-1.fc39.[01;31m[Kx86_64[m[K
libmpdclient-devel
libnl3-3.9.0-1.fc39.[01;31m[Kx86_64[m[K
libnl3-devel
libpng-2:1.6.37-15.fc39.[01;31m[Kx86_64[m[K
librsvg2
librsvg2-devel
libsigc++20-2.12.1-1.fc39.[01;31m[Kx86_64[m[K
libssh2-1.11.0-2.fc39.[01;31m[Kx86_64[m[K
libstdc++-13.2.1-6.fc39.[01;31m[Kx86_64[m[K
libtermkey-0.22-5.fc39.[01;31m[Kx86_64[m[K
libtree-sitter-0.20.9-1.fc39.[01;31m[Kx86_64[m[K
libuv-1:1.47.0-3.fc39.[01;31m[Kx86_64[m[K
libuv-devel
libvterm-0.3.3-1.fc39.[01;31m[Kx86_64[m[K
libwayland-client-1.22.0-2.fc39.[01;31m[Kx86_64[m[K
libX11-1.8.7-1.fc39.[01;31m[Kx86_64[m[K
libX11-xcb-1.8.7-1.fc39.[01;31m[Kx86_64[m[K
libxcb
libxcb-1.13.1-12.fc39.[01;31m[Kx86_64[m[K
libxcb-devel
libXcursor-1.2.1-4.fc39.[01;31m[Kx86_64[m[K
libXinerama-1.1.5-3.fc39.[01;31m[Kx86_64[m[K
libxkbcommon
libxkbcommon-1.6.0-1.fc39.[01;31m[Kx86_64[m[K
libxkbcommon-devel
libxkbcommon-x11
libxkbcommon-x11-1.6.0-1.fc39.[01;31m[Kx86_64[m[K
libxkbcommon-x11-devel
libXmu-1.1.4-3.fc39.[01;31m[Kx86_64[m[K
libzstd-1.5.5-4.fc39.[01;31m[Kx86_64[m[K
luajit-2.1.1692716794-1.fc39.[01;31m[Kx86_64[m[K
luajit2.1-luv-1.47.0.0-2.fc39.[01;31m[Kx86_64[m[K
make
msgpack-3.1.0-13.fc39.[01;31m[Kx86_64[m[K
openssl-libs-1:3.1.1-4.fc39.[01;31m[Kx86_64[m[K
pam-libs-1.5.3-3.fc39.[01;31m[Kx86_64[m[K
pango
pango-1.51.0-1.fc39.[01;31m[Kx86_64[m[K
pango-devel
pangomm-2.46.3-3.fc39.[01;31m[Kx86_64[m[K
pcre2-10.42-1.fc39.2.[01;31m[Kx86_64[m[K
pixman-0.42.2-2.fc39.[01;31m[Kx86_64[m[K
pkg-config
pulseaudio-libs-16.1-5.fc39.[01;31m[Kx86_64[m[K
pulseaudio-libs-devel
python3-3.12.1-2.fc39.[01;31m[Kx86_64[m[K
python3-gobject-3.46.0-1.fc39.[01;31m[Kx86_64[m[K
python3-libs-3.12.1-2.fc39.[01;31m[Kx86_64[m[K
python3-packaging
python3-sphinx
rust-1.76.0-1.fc39.[01;31m[Kx86_64[m[K
sqlite-libs-3.42.0-7.fc39.[01;31m[Kx86_64[m[K
startup-notification
startup-notification-0.12-26.fc39.[01;31m[Kx86_64[m[K
startup-notification-devel
systemd-254.9-1.fc39.[01;31m[Kx86_64[m[K
unibilium-2.1.1-5.fc39.[01;31m[Kx86_64[m[K
xcb-proto
xcb-util
xcb-util-0.4.1-3.fc39.[01;31m[Kx86_64[m[K
xcb-util-cursor-0.1.4-3.fc39.[01;31m[Kx86_64[m[K
xcb-util-cursor-devel
xcb-util-devel
xcb-util-image-0.4.1-3.fc39.[01;31m[Kx86_64[m[K
xcb-util-image-devel
xcb-util-keysyms
xcb-util-keysyms-0.4.1-3.fc39.[01;31m[Kx86_64[m[K
xcb-util-keysyms-devel
xcb-util-renderutil-0.3.10-3.fc39.[01;31m[Kx86_64[m[K
xcb-util-wm
xcb-util-wm-0.4.2-3.fc39.[01;31m[Kx86_64[m[K
xcb-util-wm-devel
xcb-util-xrm
xcb-util-xrm-1.3-12.fc39.[01;31m[Kx86_64[m[K
xcb-util-xrm-devel
xrandr-1.5.2-3.fc39.[01;31m[Kx86_64[m[K
xxhash-libs-0.8.2-1.fc39.[01;31m[Kx86_64[m[K
xz-libs-5.4.4-1.fc39.[01;31m[Kx86_64[m[K
zlib-1.2.13-4.fc39.[01;31m[Kx86_64[m[K