alsa-lib-devel
cairo-devel
check-devel
dbus-devel
@development-tool
glib2-devel
i3-devel
jsoncpp-devel
libconfig-devel
libcurl-devel
libdrm-devel
libEGL-devel
libepoxy-devel
libev-devel
libGL-devel
libmpdclient-devel
libnl3-devel
librsvg2-devel
libuv-devel
libX11-devel
libxcb-devel
libxcb-devel
libXext-devel
libxkbcommon-devel
libxkbcommon-x11-devel
pango-devel
pcre2-devel
pixman-devel
pulseaudio-libs-devel
startup-notification-devel
uthash-devell
xcb-util-cursor-devel
xcb-util-devel
xcb-util-devel
xcb-util-image-devel
xcb-util-image-devel
xcb-util-keysyms-devel
xcb-util-renderutil-devel
xcb-util-wm-devel
xcb-util-xrm-devel
xorg-x11-proto-devel
